[23:23:04] [WARNING] mysql_connect: no password specified (D:\Dev\TestServerBasic\gamemodes\testing.pwn:31)
[23:47:50] [WARNING] mysql_connect: no password specified
[23:47:50] [WARNING] duplicate connection detected: handle id 1 already exists with host = 'localhost', username = 'root' and database = 'testing'
[23:54:36] [WARNING] mysql_connect: no password specified
[23:54:36] [WARNING] duplicate connection detected: handle id 1 already exists with host = 'localhost', username = 'root' and database = 'testing'
[00:00:19] [WARNING] mysql_connect: no password specified
[00:00:19] [WARNING] duplicate connection detected: handle id 1 already exists with host = 'localhost', username = 'root' and database = 'testing'
[00:02:15] [WARNING] mysql_connect: no password specified
[00:02:15] [WARNING] duplicate connection detected: handle id 1 already exists with host = 'localhost', username = 'root' and database = 'testing'
[22:57:26] [WARNING] mysql_connect: no password specified (D:\Dev\TestServerBasic\gamemodes\testing.pwn:32)
[23:03:37] [WARNING] mysql_connect: no password specified (D:\Dev\TestServerBasic\gamemodes\testing.pwn:32)
[23:04:58] [WARNING] mysql_connect: no password specified (D:\Dev\TestServerBasic\gamemodes\testing.pwn:32)
[23:04:58] [WARNING] duplicate connection detected: handle id 1 already exists with host = 'localhost', username = 'root' and database = 'testing'
[23:11:15] [WARNING] mysql_connect: no password specified
[23:11:15] [WARNING] duplicate connection detected: handle id 1 already exists with host = 'localhost', username = 'root' and database = 'testing'
[23:11:15] [ERROR] cache_get_value_name_int: invalid row index '0' (number of rows: '0')
[23:11:15] [ERROR] cache_get_value_name: invalid row index '0' (number of rows: '0')
[23:11:15] [ERROR] cache_get_value_name: invalid row index '0' (number of rows: '0')
[23:14:53] [WARNING] mysql_connect: no password specified
[23:14:53] [WARNING] duplicate connection detected: handle id 1 already exists with host = 'localhost', username = 'root' and database = 'testing'
[23:14:53] [ERROR] cache_get_value_name_int: invalid row index '0' (number of rows: '0')
[23:14:53] [ERROR] cache_get_value_name: invalid row index '0' (number of rows: '0')
[23:14:53] [ERROR] cache_get_value_name: invalid row index '0' (number of rows: '0')
[23:21:16] [WARNING] mysql_connect: no password specified
[23:21:16] [WARNING] duplicate connection detected: handle id 1 already exists with host = 'localhost', username = 'root' and database = 'testing'
[23:21:16] [ERROR] cache_get_value_name_int: invalid row index '0' (number of rows: '0')
[23:21:16] [ERROR] cache_get_value_name: invalid row index '0' (number of rows: '0')
[23:21:16] [ERROR] cache_get_value_name: invalid row index '0' (number of rows: '0')
[23:26:09] [WARNING] mysql_connect: no password specified
[23:26:09] [WARNING] duplicate connection detected: handle id 1 already exists with host = 'localhost', username = 'root' and database = 'testing'
[23:26:09] [ERROR] cache_get_value_name_int: invalid row index '0' (number of rows: '0')
[23:26:09] [ERROR] cache_get_value_name: invalid row index '0' (number of rows: '0')
[23:26:09] [ERROR] cache_get_value_name: invalid row index '0' (number of rows: '0')
[23:27:57] [WARNING] mysql_connect: no password specified
[23:27:57] [WARNING] duplicate connection detected: handle id 1 already exists with host = 'localhost', username = 'root' and database = 'testing'
[23:27:57] [ERROR] cache_get_value_name_int: invalid row index '0' (number of rows: '0')
[23:27:57] [ERROR] cache_get_value_name: invalid row index '0' (number of rows: '0')
[23:27:57] [ERROR] cache_get_value_name: invalid row index '0' (number of rows: '0')
[23:29:27] [WARNING] mysql_connect: no password specified
[23:29:27] [WARNING] duplicate connection detected: handle id 1 already exists with host = 'localhost', username = 'root' and database = 'testing'
[23:33:28] [WARNING] mysql_connect: no password specified
[23:33:28] [WARNING] duplicate connection detected: handle id 1 already exists with host = 'localhost', username = 'root' and database = 'testing'
[23:33:32] [ERROR] mysql_pquery: callback error: callback "PlayerRegister" does not exist
[23:34:44] [WARNING] mysql_connect: no password specified
[23:34:44] [WARNING] duplicate connection detected: handle id 1 already exists with host = 'localhost', username = 'root' and database = 'testing'
[23:43:37] [WARNING] mysql_connect: no password specified (D:\Dev\TestServerBasic\gamemodes\testing.pwn:16)
[23:44:14] [WARNING] mysql_connect: no password specified (D:\Dev\TestServerBasic\gamemodes\testing.pwn:16)
[23:52:23] [WARNING] mysql_connect: no password specified
[23:52:23] [WARNING] duplicate connection detected: handle id 1 already exists with host = 'localhost', username = 'root' and database = 'testing'
[00:01:00] [WARNING] mysql_connect: no password specified
[00:01:00] [WARNING] duplicate connection detected: handle id 1 already exists with host = 'localhost', username = 'root' and database = 'testing'
